[35m[1mScanning dependencies of target smb_highlevel_controller[0m
[ 50%] [32mBuilding CXX object CMakeFiles/smb_highlevel_controller.dir/src/SmbHighlevelController.cpp.o[0m
[ 50%] [32mBuilding CXX object CMakeFiles/smb_highlevel_controller.dir/src/smb_highlevel_controller_node.cpp.o[0m
[01m[K/home/ros/smb_ws_optional/src/smb_highlevel_controller/src/SmbHighlevelController.cpp:[m[K In constructor â€˜[01m[Ksmb_highlevel_controller::SmbHighlevelController::SmbHighlevelController(ros::NodeHandle&, int)[m[Kâ€™:
[01m[K/home/ros/smb_ws_optional/src/smb_highlevel_controller/src/SmbHighlevelController.cpp:25:39:[m[K [01;31m[Kerror: [m[Kexpected primary-expression before â€˜[01m[K/[m[Kâ€™ token
   25 |    subscriber_ = nodeHandle.subscribe([01;31m[K/[m[Krslidar_points, queue_size, &SmbHighlevelController::topicCallback1,this);
      |                                       [01;31m[K^[m[K
[01m[K/home/ros/smb_ws_optional/src/smb_highlevel_controller/src/SmbHighlevelController.cpp:25:40:[m[K [01;31m[Kerror: [m[Kâ€˜[01m[Krslidar_points[m[Kâ€™ was not declared in this scope
   25 |    subscriber_ = nodeHandle.subscribe(/[01;31m[Krslidar_points[m[K, queue_size, &SmbHighlevelController::topicCallback1,this);
      |                                        [01;31m[K^~~~~~~~~~~~~~[m[K
[01m[K/home/ros/smb_ws_optional/src/smb_highlevel_controller/src/SmbHighlevelController.cpp:25:56:[m[K [01;31m[Kerror: [m[Kâ€˜[01m[Kqueue_size[m[Kâ€™ was not declared in this scope
   25 |    subscriber_ = nodeHandle.subscribe(/rslidar_points, [01;31m[Kqueue_size[m[K, &SmbHighlevelController::topicCallback1,this);
      |                                                        [01;31m[K^~~~~~~~~~[m[K
In file included from [01m[K/opt/ros/noetic/include/ros/ros.h:40[m[K,
                 from [01m[K/home/ros/smb_ws_optional/src/smb_highlevel_controller/include/smb_highlevel_controller/SmbHighlevelController.hpp:3[m[K,
                 from [01m[K/home/ros/smb_ws_optional/src/smb_highlevel_controller/src/SmbHighlevelController.cpp:1[m[K:
[01m[K/home/ros/smb_ws_optional/src/smb_highlevel_controller/src/SmbHighlevelController.cpp:[m[K In member function â€˜[01m[Kvoid smb_highlevel_controller::SmbHighlevelController::topicCallback1(const ConstPtr&)[m[Kâ€™:
[01m[K/home/ros/smb_ws_optional/src/smb_highlevel_controller/src/SmbHighlevelController.cpp:48:11:[m[K [01;35m[Kwarning: [m[Kformat â€˜[01m[K%f[m[Kâ€™ expects argument of type â€˜[01m[Kdouble[m[Kâ€™, but argument 8 has type â€˜[01m[Kunsigned int[m[Kâ€™ [[01;35m[K-Wformat=[m[K]
   48 |  ROS_INFO([01;35m[K"minimum range is %f"[m[K,[32m[Kmsg->row_step*msg->height[m[K);
      |           [01;35m[K^~~~~~~~~~~~~~~~~~~~~[m[K [32m[K~~~~~~~~~~~~~~~~~~~~~~~~~[m[K
      |                                              [32m[K|[m[K
      |                                              [32m[Kunsigned int[m[K
[01m[K/opt/ros/noetic/include/ros/console.h:351:165:[m[K [01;36m[Knote: [m[Kin definition of macro â€˜[01m[KROSCONSOLE_PRINT_AT_LOCATION_WITH_FILTER[m[Kâ€™
  351 |     ::ros::console::print(filter, __rosconsole_define_location__loc.logger_, __rosconsole_define_location__loc.level_, __FILE__, __LINE__, __ROSCONSOLE_FUNCTION__, [01;36m[K__VA_ARGS__[m[K)
      |                                                                                                                                                                     [01;36m[K^~~~~~~~~~~[m[K
[01m[K/opt/ros/noetic/include/ros/console.h:390:7:[m[K [01;36m[Knote: [m[Kin expansion of macro â€˜[01m[KROSCONSOLE_PRINT_AT_LOCATION[m[Kâ€™
  390 |       [01;36m[KROSCONSOLE_PRINT_AT_LOCATION[m[K(__VA_ARGS__); \
      |       [01;36m[K^~~~~~~~~~~~~~~~~~~~~~~~~~~~[m[K
[01m[K/opt/ros/noetic/include/ros/console.h:575:35:[m[K [01;36m[Knote: [m[Kin expansion of macro â€˜[01m[KROS_LOG_COND[m[Kâ€™
  575 | #define ROS_LOG(level, name, ...) [01;36m[KROS_LOG_COND[m[K(true, level, name, __VA_ARGS__)
      |                                   [01;36m[K^~~~~~~~~~~~[m[K
[01m[K/opt/ros/noetic/include/rosconsole/macros_generated.h:110:23:[m[K [01;36m[Knote: [m[Kin expansion of macro â€˜[01m[KROS_LOG[m[Kâ€™
  110 | #define ROS_INFO(...) [01;36m[KROS_LOG[m[K(::ros::console::levels::Info, ROSCONSOLE_DEFAULT_NAME, __VA_ARGS__)
      |                       [01;36m[K^~~~~~~[m[K
[01m[K/home/ros/smb_ws_optional/src/smb_highlevel_controller/src/SmbHighlevelController.cpp:48:2:[m[K [01;36m[Knote: [m[Kin expansion of macro â€˜[01m[KROS_INFO[m[Kâ€™
   48 |  [01;36m[KROS_INFO[m[K("minimum range is %f",msg->row_step*msg->height);
      |  [01;36m[K^~~~~~~~[m[K
[01m[K/home/ros/smb_ws_optional/src/smb_highlevel_controller/src/SmbHighlevelController.cpp:48:30:[m[K [01;36m[Knote: [m[Kformat string is defined here
   48 |  ROS_INFO("minimum range is [01;36m[K%f[m[K",msg->row_step*msg->height);
      |                             [01;36m[K~^[m[K
      |                              [01;36m[K|[m[K
      |                              [01;36m[Kdouble[m[K
      |                             [32m[K%d[m[K
make[2]: *** [CMakeFiles/smb_highlevel_controller.dir/build.make:76: CMakeFiles/smb_highlevel_controller.dir/src/SmbHighlevelController.cpp.o] Error 1
make[2]: *** Waiting for unfinished jobs....
make[1]: *** [CMakeFiles/Makefile2:165: CMakeFiles/smb_highlevel_controller.dir/all] Error 2
make: *** [Makefile:141: all] Error 2
