[01m[K/home/ros/Workspaces/smb_ws/src/smb_highlevel_controller/src/smb_highlevel_controller_node.cpp:[m[K In function â€˜[01m[Kvoid scanCallback(const LaserScan&)[m[Kâ€™:
[01m[K/home/ros/Workspaces/smb_ws/src/smb_highlevel_controller/src/smb_highlevel_controller_node.cpp:8:7:[m[K [01;35m[Kwarning: [m[Kstructured bindings only available with â€˜[01m[K-std=c++17[m[Kâ€™ or â€˜[01m[K-std=gnu++17[m[Kâ€™
    8 |  float[01;35m[K[[m[K] data_array=msg.ranges;
      |       [01;35m[K^[m[K
[01m[K/home/ros/Workspaces/smb_ws/src/smb_highlevel_controller/src/smb_highlevel_controller_node.cpp:8:7:[m[K [01;31m[Kerror: [m[Kstructured binding declaration cannot have type â€˜[01m[Kfloat[m[Kâ€™
    8 |  float[01;31m[K[][m[K data_array=msg.ranges;
      |       [01;31m[K^~[m[K
[01m[K/home/ros/Workspaces/smb_ws/src/smb_highlevel_controller/src/smb_highlevel_controller_node.cpp:8:7:[m[K [01;36m[Knote: [m[Ktype must be cv-qualified â€˜[01m[Kauto[m[Kâ€™ or reference to cv-qualified â€˜[01m[Kauto[m[Kâ€™
[01m[K/home/ros/Workspaces/smb_ws/src/smb_highlevel_controller/src/smb_highlevel_controller_node.cpp:8:7:[m[K [01;31m[Kerror: [m[Kempty structured binding declaration
[01m[K/home/ros/Workspaces/smb_ws/src/smb_highlevel_controller/src/smb_highlevel_controller_node.cpp:8:10:[m[K [01;31m[Kerror: [m[Kexpected initializer before â€˜[01m[Kdata_array[m[Kâ€™
    8 |  float[] [01;31m[Kdata_array[m[K=msg.ranges;
      |          [01;31m[K^~~~~~~~~~[m[K
[01m[K/home/ros/Workspaces/smb_ws/src/smb_highlevel_controller/src/smb_highlevel_controller_node.cpp:10:20:[m[K [01;31m[Kerror: [m[Kâ€˜[01m[Kdata_array[m[Kâ€™ was not declared in this scope
   10 |  int length=sizeof([01;31m[Kdata_array[m[K)/sizeof(*data_array);
      |                    [01;31m[K^~~~~~~~~~[m[K
make[2]: *** [CMakeFiles/smb_highlevel_controller.dir/build.make:63: CMakeFiles/smb_highlevel_controller.dir/src/smb_highlevel_controller_node.cpp.o] Error 1
make[1]: *** [CMakeFiles/Makefile2:165: CMakeFiles/smb_highlevel_controller.dir/all] Error 2
make: *** [Makefile:141: all] Error 2
