[01m[K/home/ros/smb_ws_optional/src/smb_highlevel_controller/src/smb_highlevel_controller_node.cpp:[m[K In function â€˜[01m[Kint main(int, char**)[m[Kâ€™:
[01m[K/home/ros/smb_ws_optional/src/smb_highlevel_controller/src/smb_highlevel_controller_node.cpp:30:3:[m[K [01;31m[Kerror: [m[Kâ€˜[01m[Klaser_scan[m[Kâ€™ has not been declared
   30 |   [01;31m[Klaser_scan[m[K::LaserScan laserScan(nodeHandle);
      |   [01;31m[K^~~~~~~~~~[m[K
make[2]: *** [CMakeFiles/smb_highlevel_controller.dir/build.make:63: CMakeFiles/smb_highlevel_controller.dir/src/smb_highlevel_controller_node.cpp.o] Error 1
make[1]: *** [CMakeFiles/Makefile2:165: CMakeFiles/smb_highlevel_controller.dir/all] Error 2
make: *** [Makefile:141: all] Error 2
