[01m[K/home/ros/Workspaces/smb_ws/src/smb_highlevel_controller/src/smb_highlevel_controller_node.cpp:[m[K In function â€˜[01m[Kvoid scanCallback(const LaserScan&)[m[Kâ€™:
[01m[K/home/ros/Workspaces/smb_ws/src/smb_highlevel_controller/src/smb_highlevel_controller_node.cpp:8:2:[m[K [01;31m[Kerror: [m[Kâ€˜[01m[Kfloat32[m[Kâ€™ was not declared in this scope; did you mean â€˜[01m[Kfloat_t[m[Kâ€™?
    8 |  [01;31m[Kfloat32[m[K[] data_array=msg.ranges;
      |  [01;31m[K^~~~~~~[m[K
      |  [32m[Kfloat_t[m[K
[01m[K/home/ros/Workspaces/smb_ws/src/smb_highlevel_controller/src/smb_highlevel_controller_node.cpp:8:10:[m[K [01;31m[Kerror: [m[Kexpected primary-expression before â€˜[01m[K][m[Kâ€™ token
    8 |  float32[[01;31m[K][m[K data_array=msg.ranges;
      |          [01;31m[K^[m[K
make[2]: *** [CMakeFiles/smb_highlevel_controller.dir/build.make:63: CMakeFiles/smb_highlevel_controller.dir/src/smb_highlevel_controller_node.cpp.o] Error 1
make[1]: *** [CMakeFiles/Makefile2:165: CMakeFiles/smb_highlevel_controller.dir/all] Error 2
make: *** [Makefile:141: all] Error 2
