[01m[K/home/ros/Workspaces/smb_ws/src/smb_highlevel_controller/src/smb_highlevel_controller_node.cpp:[m[K In function â€˜[01m[Kvoid scanCallback(const LaserScan&)[m[Kâ€™:
[01m[K/home/ros/Workspaces/smb_ws/src/smb_highlevel_controller/src/smb_highlevel_controller_node.cpp:10:39:[m[K [01;31m[Kerror: [m[Kno match for â€˜[01m[Koperator*[m[Kâ€™ (operand type is â€˜[01m[Kconst _ranges_type[m[Kâ€™ {aka â€˜[01m[Kconst std::vector<float>[m[Kâ€™})
   10 |  int length=sizeof(msg.ranges)/sizeof([01;31m[K*msg.ranges[m[K);
      |                                       [01;31m[K^~~~~~~~~~~[m[K
In file included from [01m[K/usr/include/boost/config/no_tr1/complex.hpp:21[m[K,
                 from [01m[K/usr/include/boost/math/policies/error_handling.hpp:17[m[K,
                 from [01m[K/usr/include/boost/math/special_functions/round.hpp:14[m[K,
                 from [01m[K/opt/ros/noetic/include/ros/time.h:58[m[K,
                 from [01m[K/opt/ros/noetic/include/ros/ros.h:38[m[K,
                 from [01m[K/home/ros/Workspaces/smb_ws/src/smb_highlevel_controller/src/smb_highlevel_controller_node.cpp:1[m[K:
[01m[K/usr/include/c++/9/complex:391:5:[m[K [01;36m[Knote: [m[Kcandidate: â€˜[01m[Ktemplate<class _Tp> std::complex<_Tp> std::operator*(const std::complex<_Tp>&, const std::complex<_Tp>&)[m[Kâ€™
  391 |     [01;36m[Koperator[m[K*(const complex<_Tp>& __x, const complex<_Tp>& __y)
      |     [01;36m[K^~~~~~~~[m[K
[01m[K/usr/include/c++/9/complex:391:5:[m[K [01;36m[Knote: [m[K  template argument deduction/substitution failed:
[01m[K/home/ros/Workspaces/smb_ws/src/smb_highlevel_controller/src/smb_highlevel_controller_node.cpp:10:44:[m[K [01;36m[Knote: [m[K  â€˜[01m[Kconst _ranges_type[m[Kâ€™ {aka â€˜[01m[Kconst std::vector<float>[m[Kâ€™} is not derived from â€˜[01m[Kconst std::complex<_Tp>[m[Kâ€™
   10 |  int length=sizeof(msg.ranges)/sizeof(*msg.[01;36m[Kranges[m[K);
      |                                            [01;36m[K^~~~~~[m[K
In file included from [01m[K/usr/include/boost/config/no_tr1/complex.hpp:21[m[K,
                 from [01m[K/usr/include/boost/math/policies/error_handling.hpp:17[m[K,
                 from [01m[K/usr/include/boost/math/special_functions/round.hpp:14[m[K,
                 from [01m[K/opt/ros/noetic/include/ros/time.h:58[m[K,
                 from [01m[K/opt/ros/noetic/include/ros/ros.h:38[m[K,
                 from [01m[K/home/ros/Workspaces/smb_ws/src/smb_highlevel_controller/src/smb_highlevel_controller_node.cpp:1[m[K:
[01m[K/usr/include/c++/9/complex:400:5:[m[K [01;36m[Knote: [m[Kcandidate: â€˜[01m[Ktemplate<class _Tp> std::complex<_Tp> std::operator*(const std::complex<_Tp>&, const _Tp&)[m[Kâ€™
  400 |     [01;36m[Koperator[m[K*(const complex<_Tp>& __x, const _Tp& __y)
      |     [01;36m[K^~~~~~~~[m[K
[01m[K/usr/include/c++/9/complex:400:5:[m[K [01;36m[Knote: [m[K  template argument deduction/substitution failed:
[01m[K/home/ros/Workspaces/smb_ws/src/smb_highlevel_controller/src/smb_highlevel_controller_node.cpp:10:44:[m[K [01;36m[Knote: [m[K  â€˜[01m[Kconst _ranges_type[m[Kâ€™ {aka â€˜[01m[Kconst std::vector<float>[m[Kâ€™} is not derived from â€˜[01m[Kconst std::complex<_Tp>[m[Kâ€™
   10 |  int length=sizeof(msg.ranges)/sizeof(*msg.[01;36m[Kranges[m[K);
      |                                            [01;36m[K^~~~~~[m[K
In file included from [01m[K/usr/include/boost/config/no_tr1/complex.hpp:21[m[K,
                 from [01m[K/usr/include/boost/math/policies/error_handling.hpp:17[m[K,
                 from [01m[K/usr/include/boost/math/special_functions/round.hpp:14[m[K,
                 from [01m[K/opt/ros/noetic/include/ros/time.h:58[m[K,
                 from [01m[K/opt/ros/noetic/include/ros/ros.h:38[m[K,
                 from [01m[K/home/ros/Workspaces/smb_ws/src/smb_highlevel_controller/src/smb_highlevel_controller_node.cpp:1[m[K:
[01m[K/usr/include/c++/9/complex:409:5:[m[K [01;36m[Knote: [m[Kcandidate: â€˜[01m[Ktemplate<class _Tp> std::complex<_Tp> std::operator*(const _Tp&, const std::complex<_Tp>&)[m[Kâ€™
  409 |     [01;36m[Koperator[m[K*(const _Tp& __x, const complex<_Tp>& __y)
      |     [01;36m[K^~~~~~~~[m[K
[01m[K/usr/include/c++/9/complex:409:5:[m[K [01;36m[Knote: [m[K  template argument deduction/substitution failed:
[01m[K/home/ros/Workspaces/smb_ws/src/smb_highlevel_controller/src/smb_highlevel_controller_node.cpp:10:44:[m[K [01;36m[Knote: [m[K  candidate expects 2 arguments, 1 provided
   10 |  int length=sizeof(msg.ranges)/sizeof(*msg.[01;36m[Kranges[m[K);
      |                                            [01;36m[K^~~~~~[m[K
make[2]: *** [CMakeFiles/smb_highlevel_controller.dir/build.make:63: CMakeFiles/smb_highlevel_controller.dir/src/smb_highlevel_controller_node.cpp.o] Error 1
make[1]: *** [CMakeFiles/Makefile2:165: CMakeFiles/smb_highlevel_controller.dir/all] Error 2
make: *** [Makefile:141: all] Error 2
