[01m[K/home/ros/Workspaces/smb_ws/src/smb_highlevel_controller/src/smb_highlevel_controller_node.cpp:[m[K In function â€˜[01m[Kvoid scanCallback(const LaserScan&)[m[Kâ€™:
[01m[K/home/ros/Workspaces/smb_ws/src/smb_highlevel_controller/src/smb_highlevel_controller_node.cpp:10:17:[m[K [01;31m[Kerror: [m[Kâ€˜[01m[Kconst LaserScan[m[Kâ€™ {aka â€˜[01m[Kconst struct sensor_msgs::LaserScan_<std::allocator<void> >[m[Kâ€™} has no member named â€˜[01m[Ksize[m[Kâ€™
   10 |  int length=msg.[01;31m[Ksize[m[K();
      |                 [01;31m[K^~~~[m[K
[01m[K/home/ros/Workspaces/smb_ws/src/smb_highlevel_controller/src/smb_highlevel_controller_node.cpp:[m[K In function â€˜[01m[Kint main(int, char**)[m[Kâ€™:
[01m[K/home/ros/Workspaces/smb_ws/src/smb_highlevel_controller/src/smb_highlevel_controller_node.cpp:25:7:[m[K [01;31m[Kerror: [m[Kâ€˜[01m[KnodeHandle[m[Kâ€™ was not declared in this scope
   25 |   if(![01;31m[KnodeHandle[m[K.getParam("topic", topic)) {
      |       [01;31m[K^~~~~~~~~~[m[K
[01m[K/home/ros/Workspaces/smb_ws/src/smb_highlevel_controller/src/smb_highlevel_controller_node.cpp:29:11:[m[K [01;31m[Kerror: [m[Kâ€˜[01m[KnodeHandle[m[Kâ€™ was not declared in this scope
   29 |      if (![01;31m[KnodeHandle[m[K.getParam("queue_size", queue_size)) {
      |           [01;31m[K^~~~~~~~~~[m[K
make[2]: *** [CMakeFiles/smb_highlevel_controller.dir/build.make:63: CMakeFiles/smb_highlevel_controller.dir/src/smb_highlevel_controller_node.cpp.o] Error 1
make[2]: *** Waiting for unfinished jobs....
make[1]: *** [CMakeFiles/Makefile2:165: CMakeFiles/smb_highlevel_controller.dir/all] Error 2
make: *** [Makefile:141: all] Error 2
